[debug] [2021-06-05T10:37:59.547Z] ----------------------------------------------------------------------
[debug] [2021-06-05T10:37:59.556Z] Command:       C:\Program Files\nodejs\node.exe C:\Users\Ha\AppData\Roaming\npm\node_modules\firebase-tools\lib\bin\firebase.js init
[debug] [2021-06-05T10:37:59.557Z] CLI Version:   9.10.2
[debug] [2021-06-05T10:37:59.558Z] Platform:      win32
[debug] [2021-06-05T10:37:59.558Z] Node Version:  v12.16.3
[debug] [2021-06-05T10:37:59.562Z] Time:          Sat Jun 05 2021 16:07:59 GMT+0530 (India Standard Time)
[debug] [2021-06-05T10:37:59.563Z] ----------------------------------------------------------------------
[debug] 
[debug] [2021-06-05T10:37:59.577Z] >>> [apiv2][query] GET https://firebase-public.firebaseio.com/cli.json [none]
[debug] [2021-06-05T10:38:00.219Z] > command requires scopes: ["email","openid","https://www.googleapis.com/auth/cloudplatformprojects.readonly","https://www.googleapis.com/auth/firebase","https://www.googleapis.com/auth/cloud-platform"]
[debug] [2021-06-05T10:38:00.220Z] > authorizing via signed-in user (hariprasadk125@gmail.com)
[info] 
     ######## #### ########  ######## ########     ###     ######  ########
     ##        ##  ##     ## ##       ##     ##  ##   ##  ##       ##
     ######    ##  ########  ######   ########  #########  ######  ######
     ##        ##  ##    ##  ##       ##     ## ##     ##       ## ##
     ##       #### ##     ## ######## ########  ##     ##  ######  ########

You're about to initialize a Firebase project in this directory:

  C:\Users\Ha\Desktop\netflix_clone

Before we get started, keep in mind:

  * You are initializing in an existing Firebase project directory

[debug] [2021-06-05T10:38:02.371Z] <<< [apiv2][status] GET https://firebase-public.firebaseio.com/cli.json 200
[debug] [2021-06-05T10:38:02.372Z] <<< [apiv2][body] GET https://firebase-public.firebaseio.com/cli.json {"cloudBuildErrorAfter":1594252800000,"cloudBuildWarnAfter":1590019200000,"defaultNode10After":1594252800000,"minVersion":"3.0.5","node8DeploysDisabledAfter":1613390400000,"node8RuntimeDisabledAfter":1615809600000,"node8WarnAfter":1600128000000}
[info] 
=== Project Setup
[info] 
[info] First, let's associate this project directory with a Firebase project.
[info] You can create multiple project aliases by running firebase use --add, 
[info] but for now we'll just set up a default project.
[info] 
[info] i  .firebaserc already has a default project, using netflix-clone-5743e. 
[debug] [2021-06-05T10:38:08.084Z] > refreshing access token with scopes: []
[debug] [2021-06-05T10:38:08.085Z] >>> HTTP REQUEST POST https://www.googleapis.com/oauth2/v3/token  
 <request body omitted>
[debug] [2021-06-05T10:38:29.214Z] Authentication Error: Your credentials are no longer valid. Please run firebase login --reauth

For CI servers and headless environments, generate a new token with firebase login:ci
[debug] [2021-06-05T10:38:29.557Z] FirebaseError: Authentication Error: Your credentials are no longer valid. Please run firebase login --reauth

For CI servers and headless environments, generate a new token with firebase login:ci
    at invalidCredentialError (C:\Users\Ha\AppData\Roaming\npm\node_modules\firebase-tools\lib\auth.js:141:12)
    at refreshTokens (C:\Users\Ha\AppData\Roaming\npm\node_modules\firebase-tools\lib\auth.js:448:15)
    at processTicksAndRejections (internal/process/task_queues.js:97:5)
[error] 
[error] Error: Failed to get Firebase project netflix-clone-5743e. Please make sure the project exists and your account has permission to access it.
[debug] [2021-06-05T10:41:05.181Z] ----------------------------------------------------------------------
[debug] [2021-06-05T10:41:05.185Z] Command:       C:\Program Files\nodejs\node.exe C:\Users\Ha\AppData\Roaming\npm\node_modules\firebase-tools\lib\bin\firebase.js init
[debug] [2021-06-05T10:41:05.185Z] CLI Version:   9.10.2
[debug] [2021-06-05T10:41:05.185Z] Platform:      win32
[debug] [2021-06-05T10:41:05.186Z] Node Version:  v12.16.3
[debug] [2021-06-05T10:41:05.187Z] Time:          Sat Jun 05 2021 16:11:05 GMT+0530 (India Standard Time)
[debug] [2021-06-05T10:41:05.188Z] ----------------------------------------------------------------------
[debug] 
[debug] [2021-06-05T10:41:05.206Z] > command requires scopes: ["email","openid","https://www.googleapis.com/auth/cloudplatformprojects.readonly","https://www.googleapis.com/auth/firebase","https://www.googleapis.com/auth/cloud-platform"]
[debug] [2021-06-05T10:41:05.206Z] > authorizing via signed-in user (hariprasadk125@gmail.com)
[info] 
     ######## #### ########  ######## ########     ###     ######  ########
     ##        ##  ##     ## ##       ##     ##  ##   ##  ##       ##
     ######    ##  ########  ######   ########  #########  ######  ######
     ##        ##  ##    ##  ##       ##     ## ##     ##       ## ##
     ##       #### ##     ## ######## ########  ##     ##  ######  ########

You're about to initialize a Firebase project in this directory:

  C:\Users\Ha\Desktop\netflix_clone

Before we get started, keep in mind:

  * You are initializing in an existing Firebase project directory

[info] 
=== Project Setup
[info] 
[info] First, let's associate this project directory with a Firebase project.
[info] You can create multiple project aliases by running firebase use --add, 
[info] but for now we'll just set up a default project.
[info] 
[info] i  .firebaserc already has a default project, using netflix-clone-5743e. 
[debug] [2021-06-05T10:41:12.898Z] > refreshing access token with scopes: []
[debug] [2021-06-05T10:41:12.899Z] >>> HTTP REQUEST POST https://www.googleapis.com/oauth2/v3/token  
 <request body omitted>
[debug] [2021-06-05T10:41:33.983Z] Authentication Error: Your credentials are no longer valid. Please run firebase login --reauth

For CI servers and headless environments, generate a new token with firebase login:ci
[debug] [2021-06-05T10:41:34.358Z] FirebaseError: Authentication Error: Your credentials are no longer valid. Please run firebase login --reauth

For CI servers and headless environments, generate a new token with firebase login:ci
    at invalidCredentialError (C:\Users\Ha\AppData\Roaming\npm\node_modules\firebase-tools\lib\auth.js:141:12)
    at refreshTokens (C:\Users\Ha\AppData\Roaming\npm\node_modules\firebase-tools\lib\auth.js:448:15)
    at processTicksAndRejections (internal/process/task_queues.js:97:5)
[error] 
[error] Error: Failed to get Firebase project netflix-clone-5743e. Please make sure the project exists and your account has permission to access it.
